{"level":30,"time":"2025-02-22T04:12:21+01:00","pid":false,"msg":"Logger initialized successfully."}
{"level":30,"time":"2025-02-22T04:13:22+01:00","pid":false,"msg":"Logger initialized successfully."}
{"level":30,"time":"2025-02-22T04:13:22+01:00","pid":false,"msg":"server listening on 6000"}
{"level":30,"time":"2025-02-22T04:16:03+01:00","pid":false,"msg":"Logger initialized successfully."}
{"level":30,"time":"2025-02-22T04:16:03+01:00","pid":false,"msg":"server listening on 6000"}
{"level":30,"time":"2025-02-22T04:16:07+01:00","pid":false,"msg":"Logger initialized successfully."}
{"level":30,"time":"2025-02-22T04:16:07+01:00","pid":false,"msg":"server listening on 6000"}
{"level":30,"time":"2025-02-22T04:16:11+01:00","pid":false,"msg":"Logger initialized successfully."}
{"level":30,"time":"2025-02-22T04:16:11+01:00","pid":false,"msg":"server listening on 6000"}
{"level":30,"time":"2025-02-22T04:16:14+01:00","pid":false,"msg":"Logger initialized successfully."}
{"level":30,"time":"2025-02-22T04:16:14+01:00","pid":false,"msg":"server listening on 6000"}
{"level":30,"time":"2025-02-22T04:16:15+01:00","pid":false,"msg":"Logger initialized successfully."}
{"level":30,"time":"2025-02-22T04:16:15+01:00","pid":false,"msg":"server listening on 6000"}
{"level":30,"time":"2025-02-22T04:16:27+01:00","pid":false,"msg":"Logger initialized successfully."}
{"level":30,"time":"2025-02-22T04:16:27+01:00","pid":false,"msg":"server listening on 6000"}
{"level":30,"time":"2025-02-22T04:16:29+01:00","pid":false,"msg":"Logger initialized successfully."}
{"level":30,"time":"2025-02-22T04:16:29+01:00","pid":false,"msg":"server listening on 6000"}
{"level":30,"time":"2025-02-22T04:16:35+01:00","pid":false,"msg":"Logger initialized successfully."}
{"level":30,"time":"2025-02-22T04:16:35+01:00","pid":false,"msg":"server listening on 6000"}
{"level":30,"time":"2025-02-22T04:16:37+01:00","pid":false,"msg":"Logger initialized successfully."}
{"level":30,"time":"2025-02-22T04:16:37+01:00","pid":false,"msg":"server listening on 6000"}
{"level":30,"time":"2025-02-22T04:16:40+01:00","pid":false,"msg":"Logger initialized successfully."}
{"level":30,"time":"2025-02-22T04:16:40+01:00","pid":false,"msg":"server listening on 6000"}
{"level":30,"time":"2025-02-22T04:17:26+01:00","pid":false,"msg":"Logger initialized successfully."}
{"level":30,"time":"2025-02-22T04:17:26+01:00","pid":false,"msg":"server listening on 6000"}
{"level":30,"time":"2025-02-22T04:17:35+01:00","pid":false,"msg":"Logger initialized successfully."}
{"level":30,"time":"2025-02-22T04:17:35+01:00","pid":false,"msg":"server listening on 6000"}
{"level":30,"time":"2025-02-22T04:17:37+01:00","pid":false,"msg":"Logger initialized successfully."}
{"level":30,"time":"2025-02-22T04:17:37+01:00","pid":false,"msg":"server listening on 6000"}
{"level":30,"time":"2025-02-22T04:17:42+01:00","pid":false,"msg":"Logger initialized successfully."}
{"level":30,"time":"2025-02-22T04:17:42+01:00","pid":false,"msg":"server listening on 6000"}
{"level":30,"time":"2025-02-22T04:17:45+01:00","pid":false,"msg":"Logger initialized successfully."}
{"level":30,"time":"2025-02-22T04:17:45+01:00","pid":false,"msg":"server listening on 6000"}
{"level":30,"time":"2025-02-22T04:17:48+01:00","pid":false,"msg":"Logger initialized successfully."}
{"level":30,"time":"2025-02-22T04:17:49+01:00","pid":false,"msg":"server listening on 6000"}
{"level":30,"time":"2025-02-22T04:17:50+01:00","pid":false,"msg":"Logger initialized successfully."}
{"level":30,"time":"2025-02-22T04:17:50+01:00","pid":false,"msg":"server listening on 6000"}
{"level":30,"time":"2025-02-22T04:18:14+01:00","pid":false,"msg":"Logger initialized successfully."}
{"level":30,"time":"2025-02-22T04:18:14+01:00","pid":false,"msg":"server listening on 6000"}
{"level":30,"time":"2025-02-22T04:18:16+01:00","pid":false,"msg":"Logger initialized successfully."}
{"level":30,"time":"2025-02-22T04:18:16+01:00","pid":false,"msg":"server listening on 6000"}
{"level":30,"time":"2025-02-22T04:18:18+01:00","pid":false,"msg":"Logger initialized successfully."}
{"level":30,"time":"2025-02-22T04:18:18+01:00","pid":false,"msg":"server listening on 6000"}
{"level":30,"time":"2025-02-22T04:18:25+01:00","pid":false,"msg":"Logger initialized successfully."}
{"level":30,"time":"2025-02-22T04:18:25+01:00","pid":false,"msg":"server listening on 6000"}
{"level":30,"time":"2025-02-22T04:18:27+01:00","pid":false,"msg":"Logger initialized successfully."}
{"level":30,"time":"2025-02-22T04:18:27+01:00","pid":false,"msg":"server listening on 6000"}
{"level":30,"time":"2025-02-22T04:18:32+01:00","pid":false,"msg":"Logger initialized successfully."}
{"level":30,"time":"2025-02-22T04:18:32+01:00","pid":false,"msg":"server listening on 6000"}
{"level":30,"time":"2025-02-22T04:18:34+01:00","pid":false,"msg":"Logger initialized successfully."}
{"level":30,"time":"2025-02-22T04:18:34+01:00","pid":false,"msg":"server listening on 6000"}
{"level":30,"time":"2025-02-22T04:19:14+01:00","pid":false,"msg":"Logger initialized successfully."}
{"level":30,"time":"2025-02-22T04:19:14+01:00","pid":false,"msg":"server listening on 6000"}
{"level":30,"time":"2025-02-22T04:19:48+01:00","pid":false,"msg":"Logger initialized successfully."}
{"level":30,"time":"2025-02-22T04:19:48+01:00","pid":false,"msg":"server listening on 6000"}
{"level":30,"time":"2025-02-22T04:19:49+01:00","pid":false,"msg":"Logger initialized successfully."}
{"level":30,"time":"2025-02-22T04:19:49+01:00","pid":false,"msg":"server listening on 6000"}
{"level":30,"time":"2025-02-22T04:19:52+01:00","pid":false,"msg":"Logger initialized successfully."}
{"level":30,"time":"2025-02-22T04:19:52+01:00","pid":false,"msg":"server listening on 6000"}
{"level":30,"time":"2025-02-22T04:19:56+01:00","pid":false,"msg":"Received SIGINT. Shutting down gracefully..."}
{"level":30,"time":"2025-02-22T04:19:56+01:00","pid":false,"msg":"Cleanup finished. Exiting..."}
{"level":30,"time":"2025-02-22T04:20:19+01:00","pid":false,"msg":"Logger initialized successfully."}
{"level":30,"time":"2025-02-22T04:20:19+01:00","pid":false,"msg":"server listening on 6000"}
{"level":30,"time":"2025-02-22T04:22:01+01:00","pid":false,"msg":"[2025-02-22T03:22:01.344Z] PUT /api/apparel/update-stock - Request received"}
{"level":30,"time":"2025-02-22T04:22:01+01:00","pid":false,"msg":"[2025-02-22T03:22:01.347Z] PUT /api/apparel/update-stock - Response sent with status 404"}
{"level":30,"time":"2025-02-22T04:22:40+01:00","pid":false,"msg":"Logger initialized successfully."}
{"level":30,"time":"2025-02-22T04:22:41+01:00","pid":false,"msg":"server listening on 6000"}
{"level":30,"time":"2025-02-22T04:22:45+01:00","pid":false,"msg":"Logger initialized successfully."}
{"level":30,"time":"2025-02-22T04:22:45+01:00","pid":false,"msg":"server listening on 6000"}
{"level":30,"time":"2025-02-22T04:22:53+01:00","pid":false,"msg":"Logger initialized successfully."}
{"level":30,"time":"2025-02-22T04:22:53+01:00","pid":false,"msg":"server listening on 6000"}
{"level":30,"time":"2025-02-22T04:22:55+01:00","pid":false,"msg":"Logger initialized successfully."}
{"level":30,"time":"2025-02-22T04:22:55+01:00","pid":false,"msg":"server listening on 6000"}
{"level":30,"time":"2025-02-22T04:22:57+01:00","pid":false,"msg":"Logger initialized successfully."}
{"level":30,"time":"2025-02-22T04:22:57+01:00","pid":false,"msg":"server listening on 6000"}
{"level":30,"time":"2025-02-22T04:22:59+01:00","pid":false,"msg":"Logger initialized successfully."}
{"level":30,"time":"2025-02-22T04:22:59+01:00","pid":false,"msg":"server listening on 6000"}
{"level":30,"time":"2025-02-22T04:23:01+01:00","pid":false,"msg":"Logger initialized successfully."}
{"level":30,"time":"2025-02-22T04:23:01+01:00","pid":false,"msg":"server listening on 6000"}
{"level":30,"time":"2025-02-22T04:23:12+01:00","pid":false,"msg":"Logger initialized successfully."}
{"level":30,"time":"2025-02-22T04:23:12+01:00","pid":false,"msg":"server listening on 6000"}
{"level":30,"time":"2025-02-22T04:23:13+01:00","pid":false,"msg":"Logger initialized successfully."}
{"level":30,"time":"2025-02-22T04:23:13+01:00","pid":false,"msg":"server listening on 6000"}
{"level":30,"time":"2025-02-22T04:23:20+01:00","pid":false,"msg":"[2025-02-22T03:23:20.179Z] PUT - localhost -  /api/apparel/update-stock - Request received"}
{"level":30,"time":"2025-02-22T04:23:20+01:00","pid":false,"msg":"[2025-02-22T03:23:20.183Z] PUT - localhost - /api/apparel/update-stock - Response sent with status 404"}
{"level":30,"time":"2025-02-22T04:23:50+01:00","pid":false,"msg":"Logger initialized successfully."}
{"level":30,"time":"2025-02-22T04:23:50+01:00","pid":false,"msg":"server listening on 6000"}
{"level":30,"time":"2025-02-22T04:23:56+01:00","pid":false,"msg":"[2025-02-22T03:23:56.769Z] PUT - localhost -  /api/apparel/update-stock - Request received"}
{"level":30,"time":"2025-02-22T04:23:56+01:00","pid":false,"msg":"[2025-02-22T03:23:56.771Z] PUT - localhost - /api/apparel/update-stock - Response sent with status 404"}
{"level":30,"time":"2025-02-22T04:25:36+01:00","pid":false,"msg":"Logger initialized successfully."}
{"level":30,"time":"2025-02-22T04:25:36+01:00","pid":false,"msg":"server listening on 6000"}
{"level":30,"time":"2025-02-22T04:25:41+01:00","pid":false,"msg":"Logger initialized successfully."}
{"level":30,"time":"2025-02-22T04:25:41+01:00","pid":false,"msg":"server listening on 6000"}
{"level":30,"time":"2025-02-22T04:25:54+01:00","pid":false,"msg":"Logger initialized successfully."}
{"level":30,"time":"2025-02-22T04:25:54+01:00","pid":false,"msg":"server listening on 6000"}
{"level":30,"time":"2025-02-22T04:26:03+01:00","pid":false,"msg":"[2025-02-22T03:26:03.240Z] PUT - localhost - /api/apparel/update-stock - IP: ::ffff:127.0.0.1 - Request received"}
{"level":30,"time":"2025-02-22T04:26:03+01:00","pid":false,"msg":"[2025-02-22T03:26:03.243Z] PUT - localhost - /api/apparel/update-stock - IP: ::ffff:127.0.0.1 - Response sent with status 404"}
{"level":30,"time":"2025-02-22T04:26:53+01:00","pid":false,"msg":"Logger initialized successfully."}
{"level":30,"time":"2025-02-22T04:26:53+01:00","pid":false,"msg":"server listening on 6000"}
{"level":30,"time":"2025-02-22T04:27:01+01:00","pid":false,"msg":"Logger initialized successfully."}
{"level":30,"time":"2025-02-22T04:27:01+01:00","pid":false,"msg":"server listening on 6000"}
{"level":30,"time":"2025-02-22T04:27:05+01:00","pid":false,"msg":"Logger initialized successfully."}
{"level":30,"time":"2025-02-22T04:27:05+01:00","pid":false,"msg":"server listening on 6000"}
{"level":30,"time":"2025-02-22T04:27:24+01:00","pid":false,"msg":"Logger initialized successfully."}
{"level":30,"time":"2025-02-22T04:27:24+01:00","pid":false,"msg":"server listening on 6000"}
{"level":30,"time":"2025-02-22T04:27:26+01:00","pid":false,"msg":"Logger initialized successfully."}
{"level":30,"time":"2025-02-22T04:27:26+01:00","pid":false,"msg":"server listening on 6000"}
{"level":30,"time":"2025-02-22T04:27:29+01:00","pid":false,"msg":"Logger initialized successfully."}
{"level":30,"time":"2025-02-22T04:27:29+01:00","pid":false,"msg":"server listening on 6000"}
{"level":30,"time":"2025-02-22T04:27:34+01:00","pid":false,"msg":"Logger initialized successfully."}
{"level":30,"time":"2025-02-22T04:27:34+01:00","pid":false,"msg":"server listening on 6000"}
{"level":30,"time":"2025-02-22T04:27:43+01:00","pid":false,"msg":"[2025-02-22T03:27:43.668Z] PUT - HTTP - localhost - /api/apparel/update-stock - IP: ::ffff:127.0.0.1 - Request received"}
{"level":30,"time":"2025-02-22T04:27:43+01:00","pid":false,"msg":"[2025-02-22T03:27:43.670Z] PUT - HTTP - localhost - /api/apparel/update-stock - IP: ::ffff:127.0.0.1 - Response sent with status 404"}
{"level":30,"time":"2025-02-22T04:28:06+01:00","pid":false,"msg":"Logger initialized successfully."}
{"level":30,"time":"2025-02-22T04:28:06+01:00","pid":false,"msg":"server listening on 6000"}
{"level":30,"time":"2025-02-22T04:28:08+01:00","pid":false,"msg":"Logger initialized successfully."}
{"level":30,"time":"2025-02-22T04:28:08+01:00","pid":false,"msg":"server listening on 6000"}
{"level":30,"time":"2025-02-22T04:28:13+01:00","pid":false,"msg":"Logger initialized successfully."}
{"level":30,"time":"2025-02-22T04:28:13+01:00","pid":false,"msg":"server listening on 6000"}
{"level":30,"time":"2025-02-22T04:28:29+01:00","pid":false,"msg":"[2025-02-22T03:28:29.896Z] PUT - HTTP - localhost - /api/apparel/update-stock - ClientIP: ::ffff:127.0.0.1 - Request received"}
{"level":30,"time":"2025-02-22T04:28:29+01:00","pid":false,"msg":"[2025-02-22T03:28:29.899Z] PUT - HTTP - localhost - /api/apparel/update-stock - ClientIP: ::ffff:127.0.0.1 - Response sent with status 404"}
{"level":30,"time":"2025-02-22T04:28:47+01:00","pid":false,"msg":"Logger initialized successfully."}
{"level":30,"time":"2025-02-22T04:28:47+01:00","pid":false,"msg":"server listening on 6000"}
{"level":30,"time":"2025-02-22T04:28:49+01:00","pid":false,"msg":"[2025-02-22T03:28:49.096Z] PUT - HTTP - localhost - /api/apparel/update-stock - ClientIP: ::ffff:127.0.0.1 - Request received"}
{"level":30,"time":"2025-02-22T04:28:49+01:00","pid":false,"msg":"[2025-02-22T03:28:49.100Z] PUT - HTTP - localhost - /api/apparel/update-stock - ClientIP: ::ffff:127.0.0.1 - Response sent with status 404"}
{"level":30,"time":"2025-02-22T04:29:08+01:00","pid":false,"msg":"Logger initialized successfully."}
{"level":30,"time":"2025-02-22T04:29:08+01:00","pid":false,"msg":"server listening on 6000"}
{"level":30,"time":"2025-02-22T04:29:11+01:00","pid":false,"msg":"[2025-02-22T03:29:11.532Z] PUT - HTTP - localhost - /api/apparel/update-stock - ClientIP: ::ffff:127.0.0.1 - Request received"}
{"level":30,"time":"2025-02-22T04:29:11+01:00","pid":false,"msg":"[2025-02-22T03:29:11.535Z] PUT - HTTP - localhost - /api/apparel/update-stock - ClientIP: ::ffff:127.0.0.1 - Response sent with status 404"}
{"level":30,"time":"2025-02-22T04:29:24+01:00","pid":false,"msg":"[2025-02-22T03:29:24.633Z] PUT - HTTP - localhost - /api/apparel/update - ClientIP: ::ffff:127.0.0.1 - Request received"}
{"level":30,"time":"2025-02-22T04:29:24+01:00","pid":false,"msg":"[2025-02-22T03:29:24.635Z] PUT - HTTP - localhost - /api/apparel/update - ClientIP: ::ffff:127.0.0.1 - Response sent with status 400"}
{"level":30,"time":"2025-02-22T07:08:16+01:00","pid":false,"msg":"[2025-02-22T06:08:16.869Z] PUT - HTTP - localhost - /api/apparel/update - ClientIP: ::ffff:127.0.0.1 - Request received"}
{"level":30,"time":"2025-02-22T07:08:16+01:00","pid":false,"msg":"[2025-02-22T06:08:16.880Z] PUT - HTTP - localhost - /api/apparel/update - ClientIP: ::ffff:127.0.0.1 - Response sent with status 400"}
{"level":30,"time":"2025-02-22T07:09:06+01:00","pid":false,"msg":"[2025-02-22T06:09:06.092Z] PUT - HTTP - localhost - /api/apparel/update - ClientIP: ::ffff:127.0.0.1 - Request received"}
{"level":30,"time":"2025-02-22T07:09:06+01:00","pid":false,"msg":"[2025-02-22T06:09:06.095Z] PUT - HTTP - localhost - /api/apparel/update - ClientIP: ::ffff:127.0.0.1 - Response sent with status 400"}
{"level":30,"time":"2025-02-22T07:09:13+01:00","pid":false,"msg":"[2025-02-22T06:09:13.036Z] PUT - HTTP - localhost - /api/apparel/update - ClientIP: ::ffff:127.0.0.1 - Request received"}
{"level":30,"time":"2025-02-22T07:09:13+01:00","pid":false,"msg":"[2025-02-22T06:09:13.043Z] PUT - HTTP - localhost - /api/apparel/update - ClientIP: ::ffff:127.0.0.1 - Response sent with status 401"}
{"level":30,"time":"2025-02-22T07:10:43+01:00","pid":false,"msg":"Logger initialized successfully."}
{"level":30,"time":"2025-02-22T07:10:43+01:00","pid":false,"msg":"server listening on 6000"}
{"level":30,"time":"2025-02-22T07:10:46+01:00","pid":false,"msg":"[2025-02-22T06:10:46.901Z] PUT - HTTP - localhost - /api/apparel/update - ClientIP: ::ffff:127.0.0.1 - Request received"}
{"level":30,"time":"2025-02-22T07:10:46+01:00","pid":false,"msg":"[2025-02-22T06:10:46.906Z] PUT - HTTP - localhost - /api/apparel/update - ClientIP: ::ffff:127.0.0.1 - Response sent with status 401"}
{"level":30,"time":"2025-02-22T07:11:50+01:00","pid":false,"msg":"Logger initialized successfully."}
{"level":30,"time":"2025-02-22T07:11:50+01:00","pid":false,"msg":"server listening on 6000"}
{"level":30,"time":"2025-02-22T07:11:51+01:00","pid":false,"msg":"Logger initialized successfully."}
{"level":30,"time":"2025-02-22T07:11:51+01:00","pid":false,"msg":"server listening on 6000"}
{"level":30,"time":"2025-02-22T07:11:57+01:00","pid":false,"msg":"Logger initialized successfully."}
{"level":30,"time":"2025-02-22T07:11:57+01:00","pid":false,"msg":"server listening on 6000"}
{"level":30,"time":"2025-02-22T07:11:59+01:00","pid":false,"msg":"Logger initialized successfully."}
{"level":30,"time":"2025-02-22T07:11:59+01:00","pid":false,"msg":"server listening on 6000"}
{"level":30,"time":"2025-02-22T07:12:02+01:00","pid":false,"msg":"Logger initialized successfully."}
{"level":30,"time":"2025-02-22T07:12:02+01:00","pid":false,"msg":"server listening on 6000"}
{"level":30,"time":"2025-02-22T07:12:05+01:00","pid":false,"msg":"Logger initialized successfully."}
{"level":30,"time":"2025-02-22T07:12:05+01:00","pid":false,"msg":"server listening on 6000"}
{"level":30,"time":"2025-02-22T07:12:28+01:00","pid":false,"msg":"Logger initialized successfully."}
{"level":30,"time":"2025-02-22T07:12:28+01:00","pid":false,"msg":"server listening on 6000"}
{"level":30,"time":"2025-02-22T07:13:00+01:00","pid":false,"msg":"Logger initialized successfully."}
{"level":30,"time":"2025-02-22T07:13:00+01:00","pid":false,"msg":"server listening on 6000"}
{"level":30,"time":"2025-02-22T07:13:03+01:00","pid":false,"msg":"Logger initialized successfully."}
{"level":30,"time":"2025-02-22T07:13:03+01:00","pid":false,"msg":"server listening on 6000"}
{"level":30,"time":"2025-02-22T07:13:11+01:00","pid":false,"msg":"Logger initialized successfully."}
{"level":30,"time":"2025-02-22T07:13:11+01:00","pid":false,"msg":"server listening on 6000"}
{"level":30,"time":"2025-02-22T10:02:18+01:00","pid":false,"msg":"Logger initialized successfully."}
{"level":50,"time":"2025-02-22T10:02:18+01:00","pid":false,"msg":"Missing required environment variables: SECRET_KEY, REFRESH_SECRET_KEY \nPlease ensure that the environment variables are set then restart the application."}
{"level":30,"time":"2025-02-22T10:02:58+01:00","pid":false,"msg":"Logger initialized successfully."}
{"level":50,"time":"2025-02-22T10:02:58+01:00","pid":false,"msg":"Missing required environment variables: SECRET_KEY, REFRESH_SECRET_KEY \nPlease ensure that the environment variables are set then restart the application."}
{"level":30,"time":"2025-02-22T10:03:04+01:00","pid":false,"msg":"Logger initialized successfully."}
{"level":50,"time":"2025-02-22T10:03:04+01:00","pid":false,"msg":"Missing required environment variables: SECRET_KEY, REFRESH_SECRET_KEY \nPlease ensure that the environment variables are set then restart the application."}
{"level":30,"time":"2025-02-22T10:03:28+01:00","pid":false,"msg":"Logger initialized successfully."}
{"level":50,"time":"2025-02-22T10:03:28+01:00","pid":false,"msg":"Missing required environment variables: SECRET_KEY, REFRESH_SECRET_KEY \nPlease ensure that the environment variables are set then restart the application."}
{"level":30,"time":"2025-02-22T10:03:34+01:00","pid":false,"msg":"Logger initialized successfully."}
{"level":50,"time":"2025-02-22T10:03:34+01:00","pid":false,"msg":"Missing required environment variables: SECRET_KEY, REFRESH_SECRET_KEY \nPlease ensure that the environment variables are set then restart the application."}
{"level":30,"time":"2025-02-22T10:03:37+01:00","pid":false,"msg":"Logger initialized successfully."}
{"level":50,"time":"2025-02-22T10:03:37+01:00","pid":false,"msg":"Missing required environment variables: SECRET_KEY \nPlease ensure that the environment variables are set then restart the application."}
{"level":30,"time":"2025-02-22T10:03:41+01:00","pid":false,"msg":"Logger initialized successfully."}
{"level":30,"time":"2025-02-22T10:03:41+01:00","pid":false,"msg":"server listening on 6000"}
{"level":30,"time":"2025-02-22T10:03:48+01:00","pid":false,"msg":"[2025-02-22T09:03:48.437Z] POST - HTTP - localhost - /api/auth/register - ClientIP: ::ffff:127.0.0.1 - Request received"}
{"level":30,"time":"2025-02-22T10:03:48+01:00","pid":false,"msg":"[2025-02-22T09:03:48.443Z] POST - HTTP - localhost - /api/auth/register - ClientIP: ::ffff:127.0.0.1 - Response sent with status 404"}
{"level":30,"time":"2025-02-22T10:04:03+01:00","pid":false,"msg":"Logger initialized successfully."}
{"level":30,"time":"2025-02-22T10:04:22+01:00","pid":false,"msg":"Logger initialized successfully."}
{"level":30,"time":"2025-02-22T10:04:24+01:00","pid":false,"msg":"Logger initialized successfully."}
{"level":30,"time":"2025-02-22T10:04:28+01:00","pid":false,"msg":"Logger initialized successfully."}
{"level":30,"time":"2025-02-22T10:04:31+01:00","pid":false,"msg":"Logger initialized successfully."}
{"level":30,"time":"2025-02-22T10:04:40+01:00","pid":false,"msg":"Logger initialized successfully."}
{"level":30,"time":"2025-02-22T10:04:41+01:00","pid":false,"msg":"Logger initialized successfully."}
{"level":30,"time":"2025-02-22T10:04:44+01:00","pid":false,"msg":"Logger initialized successfully."}
{"level":30,"time":"2025-02-22T10:04:44+01:00","pid":false,"msg":"server listening on 6000"}
{"level":30,"time":"2025-02-22T10:04:53+01:00","pid":false,"msg":"[2025-02-22T09:04:53.533Z] POST - HTTP - localhost - /api/auth/register - ClientIP: ::ffff:127.0.0.1 - Request received"}
{"level":30,"time":"2025-02-22T10:04:53+01:00","pid":false,"msg":"[2025-02-22T09:04:53.538Z] POST - HTTP - localhost - /api/auth/register - ClientIP: ::ffff:127.0.0.1 - Response sent with status 400"}
{"level":30,"time":"2025-02-22T10:05:15+01:00","pid":false,"msg":"[2025-02-22T09:05:15.415Z] POST - HTTP - localhost - /api/auth/register - ClientIP: ::ffff:127.0.0.1 - Request received"}
{"level":30,"time":"2025-02-22T10:05:15+01:00","pid":false,"msg":"[2025-02-22T09:05:15.421Z] POST - HTTP - localhost - /api/auth/register - ClientIP: ::ffff:127.0.0.1 - Response sent with status 400"}
{"level":30,"time":"2025-02-22T10:07:16+01:00","pid":false,"msg":"Logger initialized successfully."}
{"level":30,"time":"2025-02-22T10:07:16+01:00","pid":false,"msg":"server listening on 6000"}
{"level":30,"time":"2025-02-22T10:07:21+01:00","pid":false,"msg":"Logger initialized successfully."}
{"level":30,"time":"2025-02-22T10:07:21+01:00","pid":false,"msg":"server listening on 6000"}
{"level":30,"time":"2025-02-22T10:07:43+01:00","pid":false,"msg":"Logger initialized successfully."}
{"level":30,"time":"2025-02-22T10:07:43+01:00","pid":false,"msg":"server listening on 6000"}
{"level":30,"time":"2025-02-22T10:09:30+01:00","pid":false,"msg":"Logger initialized successfully."}
{"level":30,"time":"2025-02-22T10:09:30+01:00","pid":false,"msg":"server listening on 6000"}
{"level":30,"time":"2025-02-22T10:09:33+01:00","pid":false,"msg":"Logger initialized successfully."}
{"level":30,"time":"2025-02-22T10:09:33+01:00","pid":false,"msg":"server listening on 6000"}
{"level":30,"time":"2025-02-22T10:09:46+01:00","pid":false,"msg":"Logger initialized successfully."}
{"level":30,"time":"2025-02-22T10:09:46+01:00","pid":false,"msg":"server listening on 6000"}
{"level":30,"time":"2025-02-22T10:09:49+01:00","pid":false,"msg":"Logger initialized successfully."}
{"level":30,"time":"2025-02-22T10:09:49+01:00","pid":false,"msg":"server listening on 6000"}
{"level":30,"time":"2025-02-22T10:09:52+01:00","pid":false,"msg":"Logger initialized successfully."}
{"level":30,"time":"2025-02-22T10:09:53+01:00","pid":false,"msg":"server listening on 6000"}
{"level":30,"time":"2025-02-22T10:09:58+01:00","pid":false,"msg":"Logger initialized successfully."}
{"level":30,"time":"2025-02-22T10:09:59+01:00","pid":false,"msg":"server listening on 6000"}
{"level":30,"time":"2025-02-22T10:10:02+01:00","pid":false,"msg":"Logger initialized successfully."}
{"level":30,"time":"2025-02-22T10:10:02+01:00","pid":false,"msg":"server listening on 6000"}
{"level":30,"time":"2025-02-22T10:10:06+01:00","pid":false,"msg":"Logger initialized successfully."}
{"level":30,"time":"2025-02-22T10:10:06+01:00","pid":false,"msg":"server listening on 6000"}
{"level":30,"time":"2025-02-22T10:10:08+01:00","pid":false,"msg":"[2025-02-22T09:10:08.456Z] POST - HTTP - localhost - /api/auth/register - ClientIP: ::ffff:127.0.0.1 - Invalid JSON format. Ensure all keys are double-quoted. statusCode -400"}
{"level":30,"time":"2025-02-22T10:10:25+01:00","pid":false,"msg":"[2025-02-22T09:10:25.957Z] POST - HTTP - localhost - /api/auth/register - ClientIP: ::ffff:127.0.0.1 - Request received"}
{"level":30,"time":"2025-02-22T10:10:25+01:00","pid":false,"msg":"[2025-02-22T09:10:25.960Z] POST - HTTP - localhost - /api/auth/register - ClientIP: ::ffff:127.0.0.1 - Response sent with status 201"}
{"level":30,"time":"2025-02-22T10:10:49+01:00","pid":false,"msg":"[2025-02-22T09:10:49.268Z] POST - HTTP - localhost - /api/auth/register - ClientIP: ::ffff:127.0.0.1 - Request received"}
{"level":30,"time":"2025-02-22T10:10:49+01:00","pid":false,"msg":"[2025-02-22T09:10:49.269Z] POST - HTTP - localhost - /api/auth/register - ClientIP: ::ffff:127.0.0.1 - Response sent with status 409"}
{"level":30,"time":"2025-02-22T10:14:24+01:00","pid":false,"msg":"Logger initialized successfully."}
{"level":30,"time":"2025-02-22T10:14:24+01:00","pid":false,"msg":"server listening on 6000"}
{"level":30,"time":"2025-02-22T10:14:31+01:00","pid":false,"msg":"Logger initialized successfully."}
{"level":30,"time":"2025-02-22T10:14:31+01:00","pid":false,"msg":"server listening on 6000"}
{"level":30,"time":"2025-02-22T10:14:40+01:00","pid":false,"msg":"Received SIGINT. Shutting down gracefully..."}
{"level":30,"time":"2025-02-22T10:14:40+01:00","pid":false,"msg":"Cleanup finished. Exiting..."}
{"level":30,"time":"2025-02-22T10:14:46+01:00","pid":false,"msg":"Logger initialized successfully."}
{"level":30,"time":"2025-02-22T10:14:46+01:00","pid":false,"msg":"server listening on 6000"}
{"level":30,"time":"2025-02-22T10:14:57+01:00","pid":false,"msg":"Received SIGINT. Shutting down gracefully..."}
{"level":30,"time":"2025-02-22T10:14:57+01:00","pid":false,"msg":"Cleanup finished. Exiting..."}
{"level":30,"time":"2025-02-22T10:15:02+01:00","pid":false,"msg":"Logger initialized successfully."}
{"level":30,"time":"2025-02-22T10:15:02+01:00","pid":false,"msg":"server listening on 6000"}
{"level":30,"time":"2025-02-22T10:15:05+01:00","pid":false,"msg":"[2025-02-22T09:15:05.522Z] POST - HTTP - localhost - /api/auth/register - ClientIP: ::ffff:127.0.0.1 - Request received"}
{"level":30,"time":"2025-02-22T10:15:05+01:00","pid":false,"msg":"[2025-02-22T09:15:05.527Z] POST - HTTP - localhost - /api/auth/register - ClientIP: ::ffff:127.0.0.1 - Response sent with status 201"}
{"level":30,"time":"2025-02-22T10:15:45+01:00","pid":false,"msg":"Logger initialized successfully."}
{"level":30,"time":"2025-02-22T10:15:48+01:00","pid":false,"msg":"Logger initialized successfully."}
{"level":30,"time":"2025-02-22T10:15:49+01:00","pid":false,"msg":"server listening on 6000"}
{"level":30,"time":"2025-02-22T10:15:55+01:00","pid":false,"msg":"Received SIGINT. Shutting down gracefully..."}
{"level":30,"time":"2025-02-22T10:15:55+01:00","pid":false,"msg":"Cleanup finished. Exiting..."}
{"level":30,"time":"2025-02-22T10:16:01+01:00","pid":false,"msg":"Logger initialized successfully."}
{"level":30,"time":"2025-02-22T10:16:01+01:00","pid":false,"msg":"server listening on 6000"}
{"level":30,"time":"2025-02-22T10:16:03+01:00","pid":false,"msg":"[2025-02-22T09:16:03.940Z] POST - HTTP - localhost - /api/auth/register - ClientIP: ::ffff:127.0.0.1 - Request received"}
{"level":30,"time":"2025-02-22T10:16:03+01:00","pid":false,"msg":"[2025-02-22T09:16:03.946Z] POST - HTTP - localhost - /api/auth/register - ClientIP: ::ffff:127.0.0.1 - Response sent with status 201"}
{"level":30,"time":"2025-02-22T10:16:14+01:00","pid":false,"msg":"Logger initialized successfully."}
{"level":30,"time":"2025-02-22T10:16:16+01:00","pid":false,"msg":"Logger initialized successfully."}
{"level":30,"time":"2025-02-22T10:16:18+01:00","pid":false,"msg":"Logger initialized successfully."}
{"level":30,"time":"2025-02-22T10:16:22+01:00","pid":false,"msg":"Logger initialized successfully."}
{"level":30,"time":"2025-02-22T10:16:22+01:00","pid":false,"msg":"server listening on 6000"}
{"level":30,"time":"2025-02-22T10:16:29+01:00","pid":false,"msg":"Logger initialized successfully."}
{"level":30,"time":"2025-02-22T10:16:29+01:00","pid":false,"msg":"server listening on 6000"}
{"level":30,"time":"2025-02-22T10:16:50+01:00","pid":false,"msg":"Logger initialized successfully."}
{"level":30,"time":"2025-02-22T10:16:54+01:00","pid":false,"msg":"Logger initialized successfully."}
{"level":30,"time":"2025-02-22T10:16:57+01:00","pid":false,"msg":"Logger initialized successfully."}
{"level":30,"time":"2025-02-22T10:16:57+01:00","pid":false,"msg":"server listening on 6000"}
{"level":30,"time":"2025-02-22T10:16:58+01:00","pid":false,"msg":"Logger initialized successfully."}
{"level":30,"time":"2025-02-22T10:16:58+01:00","pid":false,"msg":"server listening on 6000"}
{"level":30,"time":"2025-02-22T10:17:06+01:00","pid":false,"msg":"Logger initialized successfully."}
{"level":30,"time":"2025-02-22T10:17:06+01:00","pid":false,"msg":"server listening on 6000"}
{"level":30,"time":"2025-02-22T10:17:09+01:00","pid":false,"msg":"[2025-02-22T09:17:09.656Z] POST - HTTP - localhost - /api/auth/register - ClientIP: ::ffff:127.0.0.1 - Request received"}
{"level":30,"time":"2025-02-22T10:17:09+01:00","pid":false,"msg":"[2025-02-22T09:17:09.736Z] POST - HTTP - localhost - /api/auth/register - ClientIP: ::ffff:127.0.0.1 - Response sent with status 201"}
{"level":30,"time":"2025-02-22T10:18:07+01:00","pid":false,"msg":"Logger initialized successfully."}
{"level":30,"time":"2025-02-22T10:18:08+01:00","pid":false,"msg":"server listening on 6000"}
{"level":30,"time":"2025-02-22T10:18:09+01:00","pid":false,"msg":"Logger initialized successfully."}
{"level":30,"time":"2025-02-22T10:18:09+01:00","pid":false,"msg":"server listening on 6000"}
{"level":30,"time":"2025-02-22T10:18:28+01:00","pid":false,"msg":"Logger initialized successfully."}
{"level":30,"time":"2025-02-22T10:18:28+01:00","pid":false,"msg":"server listening on 6000"}
{"level":30,"time":"2025-02-22T10:18:32+01:00","pid":false,"msg":"Logger initialized successfully."}
{"level":30,"time":"2025-02-22T10:18:32+01:00","pid":false,"msg":"server listening on 6000"}
{"level":30,"time":"2025-02-22T10:18:42+01:00","pid":false,"msg":"Logger initialized successfully."}
{"level":30,"time":"2025-02-22T10:18:42+01:00","pid":false,"msg":"server listening on 6000"}
{"level":30,"time":"2025-02-22T10:18:44+01:00","pid":false,"msg":"Logger initialized successfully."}
{"level":30,"time":"2025-02-22T10:18:44+01:00","pid":false,"msg":"server listening on 6000"}
{"level":30,"time":"2025-02-22T10:18:48+01:00","pid":false,"msg":"Logger initialized successfully."}
{"level":30,"time":"2025-02-22T10:18:48+01:00","pid":false,"msg":"server listening on 6000"}
{"level":30,"time":"2025-02-22T10:18:57+01:00","pid":false,"msg":"Logger initialized successfully."}
{"level":30,"time":"2025-02-22T10:18:57+01:00","pid":false,"msg":"server listening on 6000"}
{"level":30,"time":"2025-02-22T10:19:00+01:00","pid":false,"msg":"Logger initialized successfully."}
{"level":30,"time":"2025-02-22T10:19:00+01:00","pid":false,"msg":"server listening on 6000"}
{"level":30,"time":"2025-02-22T10:19:04+01:00","pid":false,"msg":"Logger initialized successfully."}
{"level":30,"time":"2025-02-22T10:19:04+01:00","pid":false,"msg":"server listening on 6000"}
{"level":30,"time":"2025-02-22T10:19:14+01:00","pid":false,"msg":"Logger initialized successfully."}
{"level":30,"time":"2025-02-22T10:19:14+01:00","pid":false,"msg":"server listening on 6000"}
{"level":30,"time":"2025-02-22T10:19:18+01:00","pid":false,"msg":"Logger initialized successfully."}
{"level":30,"time":"2025-02-22T10:19:18+01:00","pid":false,"msg":"server listening on 6000"}
{"level":30,"time":"2025-02-22T10:19:20+01:00","pid":false,"msg":"Logger initialized successfully."}
{"level":30,"time":"2025-02-22T10:19:20+01:00","pid":false,"msg":"server listening on 6000"}
{"level":30,"time":"2025-02-22T10:19:50+01:00","pid":false,"msg":"Logger initialized successfully."}
{"level":30,"time":"2025-02-22T10:19:51+01:00","pid":false,"msg":"server listening on 6000"}
{"level":30,"time":"2025-02-22T10:19:55+01:00","pid":false,"msg":"Logger initialized successfully."}
{"level":30,"time":"2025-02-22T10:19:55+01:00","pid":false,"msg":"server listening on 6000"}
{"level":30,"time":"2025-02-22T10:20:05+01:00","pid":false,"msg":"Logger initialized successfully."}
{"level":30,"time":"2025-02-22T10:20:05+01:00","pid":false,"msg":"server listening on 6000"}
{"level":30,"time":"2025-02-22T10:20:08+01:00","pid":false,"msg":"Logger initialized successfully."}
{"level":30,"time":"2025-02-22T10:20:08+01:00","pid":false,"msg":"server listening on 6000"}
{"level":30,"time":"2025-02-22T10:20:20+01:00","pid":false,"msg":"Logger initialized successfully."}
{"level":30,"time":"2025-02-22T10:20:21+01:00","pid":false,"msg":"server listening on 6000"}
{"level":30,"time":"2025-02-22T10:20:23+01:00","pid":false,"msg":"Logger initialized successfully."}
{"level":30,"time":"2025-02-22T10:20:28+01:00","pid":false,"msg":"Logger initialized successfully."}
{"level":30,"time":"2025-02-22T10:20:28+01:00","pid":false,"msg":"server listening on 6000"}
{"level":30,"time":"2025-02-22T10:20:34+01:00","pid":false,"msg":"[2025-02-22T09:20:34.122Z] POST - HTTP - localhost - /api/auth/login - ClientIP: ::ffff:127.0.0.1 - Invalid JSON format. Ensure all keys are double-quoted. statusCode -400"}
{"level":30,"time":"2025-02-22T10:20:38+01:00","pid":false,"msg":"[2025-02-22T09:20:38.116Z] POST - HTTP - localhost - /api/auth/login - ClientIP: ::ffff:127.0.0.1 - Request received"}
{"level":30,"time":"2025-02-22T10:20:38+01:00","pid":false,"msg":"[2025-02-22T09:20:38.127Z] POST - HTTP - localhost - /api/auth/login - ClientIP: ::ffff:127.0.0.1 - Response sent with status 201"}
{"level":50,"time":"2025-02-22T10:20:38+01:00","pid":false,"msg":"⚠️ Unhandled Promise Rejection: Error: Unique field constraint violated."}
{"level":30,"time":"2025-02-22T10:20:38+01:00","pid":false,"msg":"Received unhandledRejection. Shutting down gracefully..."}
{"level":30,"time":"2025-02-22T10:20:38+01:00","pid":false,"msg":"Cleanup finished. Exiting..."}
{"level":30,"time":"2025-02-22T10:31:12+01:00","pid":false,"msg":"Logger initialized successfully."}
{"level":30,"time":"2025-02-22T10:31:12+01:00","pid":false,"msg":"server listening on 6000"}
{"level":30,"time":"2025-02-22T10:32:47+01:00","pid":false,"msg":"Logger initialized successfully."}
{"level":30,"time":"2025-02-22T10:32:47+01:00","pid":false,"msg":"server listening on 6000"}
{"level":30,"time":"2025-02-22T10:33:03+01:00","pid":false,"msg":"Logger initialized successfully."}
{"level":30,"time":"2025-02-22T10:33:03+01:00","pid":false,"msg":"server listening on 6000"}
{"level":30,"time":"2025-02-22T10:33:06+01:00","pid":false,"msg":"Logger initialized successfully."}
{"level":30,"time":"2025-02-22T10:33:06+01:00","pid":false,"msg":"server listening on 6000"}
{"level":30,"time":"2025-02-22T10:33:10+01:00","pid":false,"msg":"Logger initialized successfully."}
{"level":30,"time":"2025-02-22T10:33:10+01:00","pid":false,"msg":"server listening on 6000"}
{"level":30,"time":"2025-02-22T10:33:12+01:00","pid":false,"msg":"Logger initialized successfully."}
{"level":30,"time":"2025-02-22T10:33:12+01:00","pid":false,"msg":"server listening on 6000"}
{"level":30,"time":"2025-02-22T10:33:45+01:00","pid":false,"msg":"[2025-02-22T09:33:45.001Z] POST - HTTP - localhost - /api/auth/login - ClientIP: ::ffff:127.0.0.1 - Request received"}
{"level":30,"time":"2025-02-22T10:33:45+01:00","pid":false,"msg":"[2025-02-22T09:33:45.014Z] POST - HTTP - localhost - /api/auth/login - ClientIP: ::ffff:127.0.0.1 - Response sent with status 201"}
{"level":50,"time":"2025-02-22T10:33:45+01:00","pid":false,"msg":"⚠️ Unhandled Promise Rejection: Error: Unique field constraint violated."}
{"level":30,"time":"2025-02-22T10:33:45+01:00","pid":false,"msg":"Received unhandledRejection. Shutting down gracefully..."}
{"level":30,"time":"2025-02-22T10:33:45+01:00","pid":false,"msg":"Cleanup finished. Exiting..."}
{"level":30,"time":"2025-02-22T10:33:54+01:00","pid":false,"msg":"Logger initialized successfully."}
{"level":30,"time":"2025-02-22T10:33:54+01:00","pid":false,"msg":"server listening on 6000"}
{"level":30,"time":"2025-02-22T10:33:56+01:00","pid":false,"msg":"[2025-02-22T09:33:56.493Z] POST - HTTP - localhost - /api/auth/login - ClientIP: ::ffff:127.0.0.1 - Request received"}
{"level":30,"time":"2025-02-22T10:33:56+01:00","pid":false,"msg":"[2025-02-22T09:33:56.502Z] POST - HTTP - localhost - /api/auth/login - ClientIP: ::ffff:127.0.0.1 - Response sent with status 201"}
{"level":50,"time":"2025-02-22T10:33:56+01:00","pid":false,"msg":"⚠️ Unhandled Promise Rejection: Error: Unique field constraint violated."}
{"level":30,"time":"2025-02-22T10:33:56+01:00","pid":false,"msg":"Received unhandledRejection. Shutting down gracefully..."}
{"level":30,"time":"2025-02-22T10:33:56+01:00","pid":false,"msg":"Cleanup finished. Exiting..."}
{"level":30,"time":"2025-02-22T10:36:27+01:00","pid":false,"msg":"Logger initialized successfully."}
{"level":30,"time":"2025-02-22T10:36:27+01:00","pid":false,"msg":"server listening on 6000"}
{"level":30,"time":"2025-02-22T10:36:31+01:00","pid":false,"msg":"[2025-02-22T09:36:31.215Z] POST - HTTP - localhost - /api/auth/login - ClientIP: ::ffff:127.0.0.1 - Request received"}
{"level":30,"time":"2025-02-22T10:36:31+01:00","pid":false,"msg":"[2025-02-22T09:36:31.229Z] POST - HTTP - localhost - /api/auth/login - ClientIP: ::ffff:127.0.0.1 - Response sent with status 201"}
{"level":50,"time":"2025-02-22T10:36:31+01:00","pid":false,"msg":"⚠️ Unhandled Promise Rejection: Error: Unique field constraint violated."}
{"level":30,"time":"2025-02-22T10:36:31+01:00","pid":false,"msg":"Received unhandledRejection. Shutting down gracefully..."}
{"level":30,"time":"2025-02-22T10:36:31+01:00","pid":false,"msg":"Cleanup finished. Exiting..."}
{"level":30,"time":"2025-02-22T10:36:38+01:00","pid":false,"msg":"Logger initialized successfully."}
{"level":30,"time":"2025-02-22T10:36:38+01:00","pid":false,"msg":"server listening on 6000"}
{"level":30,"time":"2025-02-22T10:36:40+01:00","pid":false,"msg":"[2025-02-22T09:36:40.886Z] POST - HTTP - localhost - /api/auth/login - ClientIP: ::ffff:127.0.0.1 - Request received"}
{"level":30,"time":"2025-02-22T10:36:40+01:00","pid":false,"msg":"[2025-02-22T09:36:40.895Z] POST - HTTP - localhost - /api/auth/login - ClientIP: ::ffff:127.0.0.1 - Response sent with status 201"}
{"level":50,"time":"2025-02-22T10:36:40+01:00","pid":false,"msg":"⚠️ Unhandled Promise Rejection: Error: Unique field constraint violated."}
{"level":30,"time":"2025-02-22T10:36:40+01:00","pid":false,"msg":"Received unhandledRejection. Shutting down gracefully..."}
{"level":30,"time":"2025-02-22T10:36:40+01:00","pid":false,"msg":"Cleanup finished. Exiting..."}
{"level":30,"time":"2025-02-22T10:36:54+01:00","pid":false,"msg":"Logger initialized successfully."}
{"level":30,"time":"2025-02-22T10:36:54+01:00","pid":false,"msg":"server listening on 6000"}
{"level":30,"time":"2025-02-22T10:37:49+01:00","pid":false,"msg":"Logger initialized successfully."}
{"level":30,"time":"2025-02-22T10:37:49+01:00","pid":false,"msg":"server listening on 6000"}
{"level":30,"time":"2025-02-22T10:37:53+01:00","pid":false,"msg":"Logger initialized successfully."}
{"level":30,"time":"2025-02-22T10:37:56+01:00","pid":false,"msg":"Logger initialized successfully."}
{"level":30,"time":"2025-02-22T10:37:56+01:00","pid":false,"msg":"server listening on 6000"}
{"level":30,"time":"2025-02-22T10:37:58+01:00","pid":false,"msg":"[2025-02-22T09:37:58.149Z] POST - HTTP - localhost - /api/auth/login - ClientIP: ::ffff:127.0.0.1 - Request received"}
{"level":30,"time":"2025-02-22T10:37:58+01:00","pid":false,"msg":"[2025-02-22T09:37:58.159Z] POST - HTTP - localhost - /api/auth/login - ClientIP: ::ffff:127.0.0.1 - Response sent with status 201"}
{"level":50,"time":"2025-02-22T10:37:58+01:00","pid":false,"msg":"⚠️ Unhandled Promise Rejection: Error: Unique field constraint violated."}
{"level":30,"time":"2025-02-22T10:37:58+01:00","pid":false,"msg":"Received unhandledRejection. Shutting down gracefully..."}
{"level":30,"time":"2025-02-22T10:37:58+01:00","pid":false,"msg":"Cleanup finished. Exiting..."}
{"level":30,"time":"2025-02-22T10:38:28+01:00","pid":false,"msg":"Logger initialized successfully."}
{"level":30,"time":"2025-02-22T10:38:28+01:00","pid":false,"msg":"server listening on 6000"}
{"level":30,"time":"2025-02-22T10:38:31+01:00","pid":false,"msg":"Logger initialized successfully."}
{"level":30,"time":"2025-02-22T10:38:31+01:00","pid":false,"msg":"server listening on 6000"}
{"level":30,"time":"2025-02-22T10:38:47+01:00","pid":false,"msg":"Logger initialized successfully."}
{"level":30,"time":"2025-02-22T10:38:47+01:00","pid":false,"msg":"server listening on 6000"}
{"level":30,"time":"2025-02-22T10:38:49+01:00","pid":false,"msg":"Logger initialized successfully."}
{"level":30,"time":"2025-02-22T10:38:50+01:00","pid":false,"msg":"server listening on 6000"}
{"level":30,"time":"2025-02-22T10:38:51+01:00","pid":false,"msg":"Logger initialized successfully."}
{"level":30,"time":"2025-02-22T10:38:51+01:00","pid":false,"msg":"server listening on 6000"}
{"level":30,"time":"2025-02-22T10:38:55+01:00","pid":false,"msg":"Logger initialized successfully."}
{"level":30,"time":"2025-02-22T10:38:55+01:00","pid":false,"msg":"server listening on 6000"}
{"level":30,"time":"2025-02-22T10:39:03+01:00","pid":false,"msg":"[2025-02-22T09:39:03.655Z] POST - HTTP - localhost - /api/auth/login - ClientIP: ::ffff:127.0.0.1 - Request received"}
{"level":30,"time":"2025-02-22T10:39:03+01:00","pid":false,"msg":"[2025-02-22T09:39:03.664Z] POST - HTTP - localhost - /api/auth/login - ClientIP: ::ffff:127.0.0.1 - Response sent with status 201"}
{"level":50,"time":"2025-02-22T10:39:03+01:00","pid":false,"msg":"⚠️ Unhandled Promise Rejection: Error: Unique field constraint violated."}
{"level":30,"time":"2025-02-22T10:39:03+01:00","pid":false,"msg":"Received unhandledRejection. Shutting down gracefully..."}
{"level":30,"time":"2025-02-22T10:39:03+01:00","pid":false,"msg":"Cleanup finished. Exiting..."}
{"level":30,"time":"2025-02-22T10:39:38+01:00","pid":false,"msg":"Logger initialized successfully."}
{"level":30,"time":"2025-02-22T10:39:38+01:00","pid":false,"msg":"server listening on 6000"}
{"level":30,"time":"2025-02-22T10:39:40+01:00","pid":false,"msg":"Logger initialized successfully."}
{"level":30,"time":"2025-02-22T10:39:40+01:00","pid":false,"msg":"server listening on 6000"}
{"level":30,"time":"2025-02-22T10:39:58+01:00","pid":false,"msg":"Logger initialized successfully."}
{"level":30,"time":"2025-02-22T10:39:58+01:00","pid":false,"msg":"server listening on 6000"}
{"level":30,"time":"2025-02-22T10:40:01+01:00","pid":false,"msg":"[2025-02-22T09:40:01.387Z] POST - HTTP - localhost - /api/auth/login - ClientIP: ::ffff:127.0.0.1 - Request received"}
{"level":30,"time":"2025-02-22T10:40:01+01:00","pid":false,"msg":"[2025-02-22T09:40:01.395Z] POST - HTTP - localhost - /api/auth/login - ClientIP: ::ffff:127.0.0.1 - Response sent with status 201"}
{"level":50,"time":"2025-02-22T10:40:01+01:00","pid":false,"msg":"⚠️ Unhandled Promise Rejection: Error: Unique field constraint violated."}
{"level":30,"time":"2025-02-22T10:40:01+01:00","pid":false,"msg":"Received unhandledRejection. Shutting down gracefully..."}
{"level":30,"time":"2025-02-22T10:40:01+01:00","pid":false,"msg":"Cleanup finished. Exiting..."}
{"level":30,"time":"2025-02-22T10:41:29+01:00","pid":false,"msg":"Logger initialized successfully."}
{"level":30,"time":"2025-02-22T10:41:44+01:00","pid":false,"msg":"Logger initialized successfully."}
{"level":30,"time":"2025-02-22T10:41:44+01:00","pid":false,"msg":"server listening on 6000"}
{"level":30,"time":"2025-02-22T10:41:58+01:00","pid":false,"msg":"Logger initialized successfully."}
{"level":30,"time":"2025-02-22T10:42:01+01:00","pid":false,"msg":"Logger initialized successfully."}
{"level":30,"time":"2025-02-22T10:42:02+01:00","pid":false,"msg":"server listening on 6000"}
{"level":30,"time":"2025-02-22T10:44:32+01:00","pid":false,"msg":"Logger initialized successfully."}
{"level":30,"time":"2025-02-22T10:44:33+01:00","pid":false,"msg":"server listening on 6000"}
{"level":30,"time":"2025-02-22T10:44:52+01:00","pid":false,"msg":"Logger initialized successfully."}
{"level":30,"time":"2025-02-22T10:44:52+01:00","pid":false,"msg":"server listening on 6000"}
{"level":30,"time":"2025-02-22T10:45:03+01:00","pid":false,"msg":"Logger initialized successfully."}
{"level":30,"time":"2025-02-22T10:45:03+01:00","pid":false,"msg":"server listening on 6000"}
{"level":30,"time":"2025-02-22T10:45:15+01:00","pid":false,"msg":"Logger initialized successfully."}
{"level":30,"time":"2025-02-22T10:45:18+01:00","pid":false,"msg":"Logger initialized successfully."}
{"level":30,"time":"2025-02-22T10:45:18+01:00","pid":false,"msg":"server listening on 6000"}
{"level":30,"time":"2025-02-22T10:45:23+01:00","pid":false,"msg":"Logger initialized successfully."}
{"level":30,"time":"2025-02-22T10:45:23+01:00","pid":false,"msg":"server listening on 6000"}
{"level":30,"time":"2025-02-22T10:45:29+01:00","pid":false,"msg":"[2025-02-22T09:45:29.949Z] POST - HTTP - localhost - /api/auth/login - ClientIP: ::ffff:127.0.0.1 - Request received"}
{"level":30,"time":"2025-02-22T10:45:29+01:00","pid":false,"msg":"[2025-02-22T09:45:29.964Z] POST - HTTP - localhost - /api/auth/login - ClientIP: ::ffff:127.0.0.1 - Response sent with status 201"}
{"level":30,"time":"2025-02-22T10:45:35+01:00","pid":false,"msg":"[2025-02-22T09:45:35.130Z] POST - HTTP - localhost - /api/auth/login - ClientIP: ::ffff:127.0.0.1 - Request received"}
{"level":30,"time":"2025-02-22T10:45:35+01:00","pid":false,"msg":"[2025-02-22T09:45:35.134Z] POST - HTTP - localhost - /api/auth/login - ClientIP: ::ffff:127.0.0.1 - Response sent with status 201"}
{"level":30,"time":"2025-02-22T10:45:37+01:00","pid":false,"msg":"[2025-02-22T09:45:37.084Z] POST - HTTP - localhost - /api/auth/register - ClientIP: ::ffff:127.0.0.1 - Request received"}
{"level":30,"time":"2025-02-22T10:45:37+01:00","pid":false,"msg":"[2025-02-22T09:45:37.085Z] POST - HTTP - localhost - /api/auth/register - ClientIP: ::ffff:127.0.0.1 - Response sent with status 409"}
{"level":30,"time":"2025-02-22T10:45:45+01:00","pid":false,"msg":"[2025-02-22T09:45:45.185Z] POST - HTTP - localhost - /api/auth/login - ClientIP: ::ffff:127.0.0.1 - Request received"}
{"level":30,"time":"2025-02-22T10:45:45+01:00","pid":false,"msg":"[2025-02-22T09:45:45.187Z] POST - HTTP - localhost - /api/auth/login - ClientIP: ::ffff:127.0.0.1 - Response sent with status 201"}
{"level":30,"time":"2025-02-22T10:46:05+01:00","pid":false,"msg":"Logger initialized successfully."}
{"level":30,"time":"2025-02-22T10:46:05+01:00","pid":false,"msg":"server listening on 6000"}
{"level":30,"time":"2025-02-22T10:46:13+01:00","pid":false,"msg":"Logger initialized successfully."}
{"level":30,"time":"2025-02-22T10:46:14+01:00","pid":false,"msg":"Logger initialized successfully."}
{"level":30,"time":"2025-02-22T10:46:14+01:00","pid":false,"msg":"server listening on 6000"}
{"level":30,"time":"2025-02-22T10:46:19+01:00","pid":false,"msg":"Logger initialized successfully."}
{"level":30,"time":"2025-02-22T10:46:19+01:00","pid":false,"msg":"server listening on 6000"}
{"level":30,"time":"2025-02-22T10:46:28+01:00","pid":false,"msg":"Logger initialized successfully."}
{"level":30,"time":"2025-02-22T10:46:37+01:00","pid":false,"msg":"Logger initialized successfully."}
{"level":30,"time":"2025-02-22T10:46:37+01:00","pid":false,"msg":"server listening on 6000"}
{"level":30,"time":"2025-02-22T10:46:47+01:00","pid":false,"msg":"[2025-02-22T09:46:47.256Z] POST - HTTP - localhost - /api/auth/login - ClientIP: ::ffff:127.0.0.1 - Request received"}
{"level":30,"time":"2025-02-22T10:46:47+01:00","pid":false,"msg":"[2025-02-22T09:46:47.265Z] POST - HTTP - localhost - /api/auth/login - ClientIP: ::ffff:127.0.0.1 - Response sent with status 201"}
{"level":30,"time":"2025-02-22T10:49:20+01:00","pid":false,"msg":"Logger initialized successfully."}
{"level":30,"time":"2025-02-22T10:49:20+01:00","pid":false,"msg":"server listening on 6000"}
{"level":30,"time":"2025-02-22T10:49:22+01:00","pid":false,"msg":"Logger initialized successfully."}
{"level":30,"time":"2025-02-22T10:49:22+01:00","pid":false,"msg":"server listening on 6000"}
{"level":30,"time":"2025-02-22T10:50:35+01:00","pid":false,"msg":"Received SIGINT. Shutting down gracefully..."}
{"level":30,"time":"2025-02-22T10:50:35+01:00","pid":false,"msg":"Cleanup finished. Exiting..."}
